<?xml version="1.0" encoding="UTF-8"?>
<!-- Generated by org.testng.reporters.JUnitXMLReporter -->
<testsuite ignored="0" hostname="MKD-CORP-BCP081" failures="0" tests="5" name="Default test" time="80.662" errors="0" timestamp="2021-06-08T12:54:55 IST">
  <testcase classname="com.cyient.test.LoginTest" name="invalidCredentialTest" time="1.262"/>
  <testcase classname="com.cyient.test.LoginTest" name="invalidCredentialTest" time="1.481"/>
  <testcase classname="com.cyient.test.LoginTest" name="validCredentialTest" time="6.473"/>
  <testcase classname="com.cyient.test.LoginTest" name="validCredentialTest" time="4.75"/>
  <testcase classname="com.cyient.test.LoginTest" name="validCredentialTest" time="5.781"/>
</testsuite> <!-- Default test -->
