<?xml version="1.0" encoding="UTF-8"?>
<!-- Generated by org.testng.reporters.JUnitXMLReporter -->
<testsuite ignored="1" hostname="MKD-CORP-BCP081" failures="0" tests="2" name="Default test" time="36.009" errors="0" timestamp="2021-06-09T12:09:25 IST">
  <testcase classname="com.cyient.test.LoginTest" name="validCredentialTest" time="5.418"/>
  <testcase classname="com.cyient.test.LoginTest" name="validCredentialTest" time="3.868"/>
  <testcase classname="com.cyient.test.LoginTest" name="invalidCredentialTest" time="0.0">
    <ignored/>
  </testcase> <!-- invalidCredentialTest -->
</testsuite> <!-- Default test -->
