<?xml version="1.0" encoding="UTF-8"?>
<testng-results ignored="0" total="5" passed="5" failed="0" skipped="0">
  <reporter-output>
  </reporter-output>
  <suite started-at="2021-06-08T12:53:34 IST" name="Default suite" finished-at="2021-06-08T12:54:54 IST" duration-ms="80662">
    <groups>
    </groups>
    <test started-at="2021-06-08T12:53:34 IST" name="Default test" finished-at="2021-06-08T12:54:54 IST" duration-ms="80662">
      <class name="com.cyient.test.LoginTest">
        <test-method is-config="true" signature="setup()[pri:0, instance:com.cyient.test.LoginTest@6a370f4]" started-at="2021-06-08T12:53:34 IST" name="setup" finished-at="2021-06-08T12:53:46 IST" duration-ms="12464" status="PASS">
          <reporter-output>
          </reporter-output>
        </test-method> <!-- setup -->
        <test-method signature="invalidCredentialTest(java.lang.String,java.lang.String,java.lang.String,java.lang.String)[pri:0, instance:com.cyient.test.LoginTest@6a370f4]" started-at="2021-06-08T12:53:46 IST" name="invalidCredentialTest" data-provider="invalidCredentialData" finished-at="2021-06-08T12:53:48 IST" duration-ms="1262" status="PASS">
          <params>
            <param index="0">
              <value>
                <![CDATA[john]]>
              </value>
            </param>
            <param index="1">
              <value>
                <![CDATA[john123]]>
              </value>
            </param>
            <param index="2">
              <value>
                <![CDATA[Dutch]]>
              </value>
            </param>
            <param index="3">
              <value>
                <![CDATA[Invalid username or password]]>
              </value>
            </param>
          </params>
          <reporter-output>
          </reporter-output>
        </test-method> <!-- invalidCredentialTest -->
        <test-method is-config="true" signature="tearDown()[pri:0, instance:com.cyient.test.LoginTest@6a370f4]" started-at="2021-06-08T12:53:48 IST" name="tearDown" finished-at="2021-06-08T12:53:48 IST" duration-ms="111" status="PASS">
          <reporter-output>
          </reporter-output>
        </test-method> <!-- tearDown -->
        <test-method is-config="true" signature="setup()[pri:0, instance:com.cyient.test.LoginTest@6a370f4]" started-at="2021-06-08T12:53:48 IST" name="setup" finished-at="2021-06-08T12:54:00 IST" duration-ms="12119" status="PASS">
          <reporter-output>
          </reporter-output>
        </test-method> <!-- setup -->
        <test-method signature="invalidCredentialTest(java.lang.String,java.lang.String,java.lang.String,java.lang.String)[pri:0, instance:com.cyient.test.LoginTest@6a370f4]" started-at="2021-06-08T12:54:00 IST" name="invalidCredentialTest" data-provider="invalidCredentialData" finished-at="2021-06-08T12:54:01 IST" duration-ms="1481" status="PASS">
          <params>
            <param index="0">
              <value>
                <![CDATA[peter]]>
              </value>
            </param>
            <param index="1">
              <value>
                <![CDATA[peter123]]>
              </value>
            </param>
            <param index="2">
              <value>
                <![CDATA[German]]>
              </value>
            </param>
            <param index="3">
              <value>
                <![CDATA[Invalid username or password]]>
              </value>
            </param>
          </params>
          <reporter-output>
          </reporter-output>
        </test-method> <!-- invalidCredentialTest -->
        <test-method is-config="true" signature="tearDown()[pri:0, instance:com.cyient.test.LoginTest@6a370f4]" started-at="2021-06-08T12:54:01 IST" name="tearDown" finished-at="2021-06-08T12:54:02 IST" duration-ms="233" status="PASS">
          <reporter-output>
          </reporter-output>
        </test-method> <!-- tearDown -->
        <test-method is-config="true" signature="setup()[pri:0, instance:com.cyient.test.LoginTest@6a370f4]" started-at="2021-06-08T12:54:02 IST" name="setup" finished-at="2021-06-08T12:54:13 IST" duration-ms="11665" status="PASS">
          <reporter-output>
          </reporter-output>
        </test-method> <!-- setup -->
        <test-method signature="validCredentialTest(java.lang.String,java.lang.String,java.lang.String,java.lang.String)[pri:0, instance:com.cyient.test.LoginTest@6a370f4]" started-at="2021-06-08T12:54:13 IST" name="validCredentialTest" data-provider="validCredentialData" finished-at="2021-06-08T12:54:20 IST" duration-ms="6473" status="PASS">
          <params>
            <param index="0">
              <value>
                <![CDATA[admin]]>
              </value>
            </param>
            <param index="1">
              <value>
                <![CDATA[pass]]>
              </value>
            </param>
            <param index="2">
              <value>
                <![CDATA[English (Indian)]]>
              </value>
            </param>
            <param index="3">
              <value>
                <![CDATA[OpenEMR]]>
              </value>
            </param>
          </params>
          <reporter-output>
          </reporter-output>
        </test-method> <!-- validCredentialTest -->
        <test-method is-config="true" signature="tearDown()[pri:0, instance:com.cyient.test.LoginTest@6a370f4]" started-at="2021-06-08T12:54:20 IST" name="tearDown" finished-at="2021-06-08T12:54:20 IST" duration-ms="268" status="PASS">
          <reporter-output>
          </reporter-output>
        </test-method> <!-- tearDown -->
        <test-method is-config="true" signature="setup()[pri:0, instance:com.cyient.test.LoginTest@6a370f4]" started-at="2021-06-08T12:54:20 IST" name="setup" finished-at="2021-06-08T12:54:32 IST" duration-ms="12224" status="PASS">
          <reporter-output>
          </reporter-output>
        </test-method> <!-- setup -->
        <test-method signature="validCredentialTest(java.lang.String,java.lang.String,java.lang.String,java.lang.String)[pri:0, instance:com.cyient.test.LoginTest@6a370f4]" started-at="2021-06-08T12:54:32 IST" name="validCredentialTest" data-provider="validCredentialData" finished-at="2021-06-08T12:54:37 IST" duration-ms="4750" status="PASS">
          <params>
            <param index="0">
              <value>
                <![CDATA[physician]]>
              </value>
            </param>
            <param index="1">
              <value>
                <![CDATA[physician]]>
              </value>
            </param>
            <param index="2">
              <value>
                <![CDATA[English (Indian)]]>
              </value>
            </param>
            <param index="3">
              <value>
                <![CDATA[OpenEMR]]>
              </value>
            </param>
          </params>
          <reporter-output>
          </reporter-output>
        </test-method> <!-- validCredentialTest -->
        <test-method is-config="true" signature="tearDown()[pri:0, instance:com.cyient.test.LoginTest@6a370f4]" started-at="2021-06-08T12:54:37 IST" name="tearDown" finished-at="2021-06-08T12:54:37 IST" duration-ms="347" status="PASS">
          <reporter-output>
          </reporter-output>
        </test-method> <!-- tearDown -->
        <test-method is-config="true" signature="setup()[pri:0, instance:com.cyient.test.LoginTest@6a370f4]" started-at="2021-06-08T12:54:37 IST" name="setup" finished-at="2021-06-08T12:54:48 IST" duration-ms="11148" status="PASS">
          <reporter-output>
          </reporter-output>
        </test-method> <!-- setup -->
        <test-method signature="validCredentialTest(java.lang.String,java.lang.String,java.lang.String,java.lang.String)[pri:0, instance:com.cyient.test.LoginTest@6a370f4]" started-at="2021-06-08T12:54:48 IST" name="validCredentialTest" data-provider="validCredentialData" finished-at="2021-06-08T12:54:54 IST" duration-ms="5781" status="PASS">
          <params>
            <param index="0">
              <value>
                <![CDATA[accountant]]>
              </value>
            </param>
            <param index="1">
              <value>
                <![CDATA[accountant]]>
              </value>
            </param>
            <param index="2">
              <value>
                <![CDATA[English (Indian)]]>
              </value>
            </param>
            <param index="3">
              <value>
                <![CDATA[OpenEMR]]>
              </value>
            </param>
          </params>
          <reporter-output>
          </reporter-output>
        </test-method> <!-- validCredentialTest -->
        <test-method is-config="true" signature="tearDown()[pri:0, instance:com.cyient.test.LoginTest@6a370f4]" started-at="2021-06-08T12:54:54 IST" name="tearDown" finished-at="2021-06-08T12:54:54 IST" duration-ms="292" status="PASS">
          <reporter-output>
          </reporter-output>
        </test-method> <!-- tearDown -->
      </class> <!-- com.cyient.test.LoginTest -->
    </test> <!-- Default test -->
  </suite> <!-- Default suite -->
</testng-results>
