<?xml version="1.0" encoding="UTF-8"?>
<testng-results ignored="1" total="3" passed="2" failed="0" skipped="0">
  <reporter-output>
  </reporter-output>
  <suite started-at="2021-06-09T12:08:49 IST" name="Default suite" finished-at="2021-06-09T12:09:25 IST" duration-ms="36009">
    <groups>
    </groups>
    <test started-at="2021-06-09T12:08:49 IST" name="Default test" finished-at="2021-06-09T12:09:25 IST" duration-ms="36009">
      <class name="com.cyient.test.LoginTest">
        <test-method is-config="true" signature="setup()[pri:0, instance:com.cyient.test.LoginTest@32b260fa]" started-at="2021-06-09T12:08:50 IST" name="setup" finished-at="2021-06-09T12:09:08 IST" duration-ms="18179" status="PASS">
          <reporter-output>
          </reporter-output>
        </test-method> <!-- setup -->
        <test-method signature="validCredentialTest(java.lang.String,java.lang.String,java.lang.String,java.lang.String)[pri:0, instance:com.cyient.test.LoginTest@32b260fa]" started-at="2021-06-09T12:09:08 IST" name="validCredentialTest" data-provider="validCredentialExcelData" finished-at="2021-06-09T12:09:13 IST" duration-ms="5418" status="PASS">
          <params>
            <param index="0">
              <value>
                <![CDATA[admin]]>
              </value>
            </param>
            <param index="1">
              <value>
                <![CDATA[pass]]>
              </value>
            </param>
            <param index="2">
              <value>
                <![CDATA[English (Indian)]]>
              </value>
            </param>
            <param index="3">
              <value>
                <![CDATA[OpenEMR]]>
              </value>
            </param>
          </params>
          <reporter-output>
          </reporter-output>
        </test-method> <!-- validCredentialTest -->
        <test-method is-config="true" signature="tearDown()[pri:0, instance:com.cyient.test.LoginTest@32b260fa]" started-at="2021-06-09T12:09:13 IST" name="tearDown" finished-at="2021-06-09T12:09:14 IST" duration-ms="201" status="PASS">
          <reporter-output>
          </reporter-output>
        </test-method> <!-- tearDown -->
        <test-method is-config="true" signature="setup()[pri:0, instance:com.cyient.test.LoginTest@32b260fa]" started-at="2021-06-09T12:09:14 IST" name="setup" finished-at="2021-06-09T12:09:21 IST" duration-ms="7584" status="PASS">
          <reporter-output>
          </reporter-output>
        </test-method> <!-- setup -->
        <test-method signature="validCredentialTest(java.lang.String,java.lang.String,java.lang.String,java.lang.String)[pri:0, instance:com.cyient.test.LoginTest@32b260fa]" started-at="2021-06-09T12:09:21 IST" name="validCredentialTest" data-provider="validCredentialExcelData" finished-at="2021-06-09T12:09:25 IST" duration-ms="3868" status="PASS">
          <params>
            <param index="0">
              <value>
                <![CDATA[physician]]>
              </value>
            </param>
            <param index="1">
              <value>
                <![CDATA[physician]]>
              </value>
            </param>
            <param index="2">
              <value>
                <![CDATA[English (Indian)]]>
              </value>
            </param>
            <param index="3">
              <value>
                <![CDATA[OpenEMR]]>
              </value>
            </param>
          </params>
          <reporter-output>
          </reporter-output>
        </test-method> <!-- validCredentialTest -->
        <test-method is-config="true" signature="tearDown()[pri:0, instance:com.cyient.test.LoginTest@32b260fa]" started-at="2021-06-09T12:09:25 IST" name="tearDown" finished-at="2021-06-09T12:09:25 IST" duration-ms="182" status="PASS">
          <reporter-output>
          </reporter-output>
        </test-method> <!-- tearDown -->
      </class> <!-- com.cyient.test.LoginTest -->
    </test> <!-- Default test -->
  </suite> <!-- Default suite -->
</testng-results>
